<?xml version="1.0" encoding="UTF-8"?>
<!-- Generated by org.testng.reporters.JUnitReportReporter -->
<testsuite skipped="0" hostname="DESKTOP-KHTNE4T" name="com.runner.AutomationRunner" tests="2" failures="0" timestamp="10 Jul 2020 01:57:51 GMT" time="48.074" errors="0">
  <testcase name="runScenario" time="24.116" classname="com.runner.AutomationRunner"/>
  <testcase name="runScenario" time="23.958" classname="com.runner.AutomationRunner"/>
</testsuite> <!-- com.runner.AutomationRunner -->
